{
  "stats": {
    "suites": 1,
    "tests": 1,
    "passes": 0,
    "pending": 0,
    "failures": 1,
    "start": "2022-04-28T10:29:59.660Z",
    "end": "2022-04-28T10:30:11.143Z",
    "duration": 11483,
    "testsRegistered": 1,
    "passPercent": 0,
    "pendingPercent": 0,
    "other": 0,
    "hasOther": false,
    "skipped": 0,
    "hasSkipped": false
  },
  "results": [
    {
      "uuid": "c50ca3ce-0647-4734-879f-35bc2fe3d8b2",
      "title": "",
      "fullFile": "cypress/integration/dischargebutton.spec.js",
      "file": "cypress/integration/dischargebutton.spec.js",
      "beforeHooks": [],
      "afterHooks": [],
      "tests": [],
      "suites": [
        {
          "uuid": "e4f93176-cbc6-4377-91c9-2c5b916ed49d",
          "title": "Visit active Patients",
          "fullFile": "",
          "file": "",
          "beforeHooks": [],
          "afterHooks": [],
          "tests": [
            {
              "title": "Load UI",
              "fullTitle": "Visit active Patients Load UI",
              "timedOut": null,
              "duration": 11408,
              "state": "failed",
              "speed": null,
              "pass": false,
              "fail": true,
              "pending": false,
              "context": null,
              "code": "cy.visit(\"\");\ncy.url().then(function (url) {\n  if (url.indexOf(\"auth\") !== -1) {\n    cy.get(\"#username\").type(username);\n    cy.get(\"#password\").type(password);\n    cy.get(\"#kc-login\").click();\n  } //cy.get(\"ls-page-header[type=active_patients]\").should(\"be.visible\");\n  //start logged\n\n  cy.wait(2000);\n  cy.get('[image=\"active-patients.png\"]').find('a').click();\n  cy.wait(2000);\n  var pid = \"1456\"; //getting patient id from span-div-tr-td-checkbox \n  if (discharge_data) {\n    if (discharge_data.patients.length > 0) {\n      for (let index = 0; index < discharge_data.patients.length; index++) {\n        const element = discharge_data.patients[index];\n        console.log(element);\n        var el = cy.get(\"span\").contains(element);\n        if (el) {\n          el.parent().parent().parent().get('span').contains(' Discharge ').parent().click({\n            force: true\n          });\n        } else {\n          console.log(\"Patient not found !\");\n        }\n        cy.wait(1000);\n      }\n    }\n  }\n  cy.wait(1000); //cy.get('span')\n});",
              "err": {
                "message": "AssertionError: Timed out retrying after 4000ms: Expected to find content: 'PAT158727035' within the element: [ <span.ng-star-inserted>, 510 more... ] but never did.",
                "estack": "AssertionError: Timed out retrying after 4000ms: Expected to find content: 'PAT158727035' within the element: [ <span.ng-star-inserted>, 510 more... ] but never did.\n    at Context.eval (https://dev2a.lifesignals.com/__cypress/tests?p=cypress/integration/dischargebutton.spec.js:134:37)",
                "diff": null
              },
              "uuid": "8a49f171-44d0-4a3d-9ea2-c6a90ed11069",
              "parentUUID": "e4f93176-cbc6-4377-91c9-2c5b916ed49d",
              "isHook": false,
              "skipped": false
            }
          ],
          "suites": [],
          "passes": [],
          "failures": [
            "8a49f171-44d0-4a3d-9ea2-c6a90ed11069"
          ],
          "pending": [],
          "skipped": [],
          "duration": 11408,
          "root": false,
          "rootEmpty": false,
          "_timeout": 2000
        }
      ],
      "passes": [],
      "failures": [],
      "pending": [],
      "skipped": [],
      "duration": 0,
      "root": true,
      "rootEmpty": true,
      "_timeout": 2000
    }
  ],
  "meta": {
    "mocha": {
      "version": "7.0.1"
    },
    "mochawesome": {
      "options": {
        "quiet": false,
        "reportFilename": "mochawesome",
        "saveHtml": false,
        "saveJson": true,
        "consoleReporter": "spec",
        "useInlineDiffs": false,
        "code": true
      },
      "version": "7.1.3"
    },
    "marge": {
      "options": {
        "id": "default",
        "reportDir": "cypress/results/json",
        "overwrite": false,
        "html": false,
        "json": true
      },
      "version": "6.2.0"
    }
  }
}