{
  "stats": {
    "suites": 1,
    "tests": 1,
    "passes": 1,
    "pending": 0,
    "failures": 0,
    "start": "2022-04-28T10:29:47.870Z",
    "end": "2022-04-28T10:29:56.260Z",
    "duration": 8390,
    "testsRegistered": 1,
    "passPercent": 100,
    "pendingPercent": 0,
    "other": 0,
    "hasOther": false,
    "skipped": 0,
    "hasSkipped": false
  },
  "results": [
    {
      "uuid": "ccde5c9f-2d44-4c00-a366-7afcf3910dd9",
      "title": "",
      "fullFile": "cypress/integration/admitpatient.spec.js",
      "file": "cypress/integration/admitpatient.spec.js",
      "beforeHooks": [],
      "afterHooks": [],
      "tests": [],
      "suites": [
        {
          "uuid": "28021ec8-15bd-4753-a2a2-8c60932244f3",
          "title": "Visit active Patients",
          "fullFile": "",
          "file": "",
          "beforeHooks": [],
          "afterHooks": [],
          "tests": [
            {
              "title": "Load UI",
              "fullTitle": "Visit active Patients Load UI",
              "timedOut": null,
              "duration": 8360,
              "state": "passed",
              "speed": "medium",
              "pass": true,
              "fail": false,
              "pending": false,
              "context": null,
              "code": "cy.visit(\"\");\ncy.url().then(function (url) {\n  if (url.indexOf(\"auth\") !== -1) {\n    cy.get(\"#username\").type(username);\n    cy.get(\"#password\").type(password);\n    cy.get(\"#kc-login\").click();\n  } //cy.get(\"ls-page-header[type=active_patients]\").should(\"be.visible\");\n  //start logged\n\n  cy.wait(2000);\n  cy.get('[image=\"active-patients.png\"]').find('a').click();\n  cy.wait(2000); //get span content and parent element\n  cy.get('span').contains(' Admit Patient ').parent().click(); //cy.get('.d-lg-flex d-md-none d-sm-none d-none my-2 > button').click()\n});",
              "err": {},
              "uuid": "c24443c9-dd22-4cea-827e-81f3aea4301b",
              "parentUUID": "28021ec8-15bd-4753-a2a2-8c60932244f3",
              "isHook": false,
              "skipped": false
            }
          ],
          "suites": [],
          "passes": [
            "c24443c9-dd22-4cea-827e-81f3aea4301b"
          ],
          "failures": [],
          "pending": [],
          "skipped": [],
          "duration": 8360,
          "root": false,
          "rootEmpty": false,
          "_timeout": 2000
        }
      ],
      "passes": [],
      "failures": [],
      "pending": [],
      "skipped": [],
      "duration": 0,
      "root": true,
      "rootEmpty": true,
      "_timeout": 2000
    }
  ],
  "meta": {
    "mocha": {
      "version": "7.0.1"
    },
    "mochawesome": {
      "options": {
        "quiet": false,
        "reportFilename": "mochawesome",
        "saveHtml": false,
        "saveJson": true,
        "consoleReporter": "spec",
        "useInlineDiffs": false,
        "code": true
      },
      "version": "7.1.3"
    },
    "marge": {
      "options": {
        "id": "default",
        "reportDir": "cypress/results/json",
        "overwrite": false,
        "html": false,
        "json": true
      },
      "version": "6.2.0"
    }
  }
}