{
  "stats": {
    "suites": 1,
    "tests": 1,
    "passes": 0,
    "pending": 0,
    "failures": 1,
    "start": "2022-04-28T10:31:00.877Z",
    "end": "2022-04-28T10:31:13.972Z",
    "duration": 13095,
    "testsRegistered": 1,
    "passPercent": 0,
    "pendingPercent": 0,
    "other": 0,
    "hasOther": false,
    "skipped": 0,
    "hasSkipped": false
  },
  "results": [
    {
      "uuid": "32e7fb35-051a-4407-84f1-6e02824b6e1d",
      "title": "",
      "fullFile": "cypress/integration/settings.spec.js",
      "file": "cypress/integration/settings.spec.js",
      "beforeHooks": [],
      "afterHooks": [],
      "tests": [],
      "suites": [
        {
          "uuid": "fe3959f4-9bd6-47e9-a4b3-91e262df974c",
          "title": "login",
          "fullFile": "",
          "file": "",
          "beforeHooks": [],
          "afterHooks": [],
          "tests": [
            {
              "title": "Login using username and password",
              "fullTitle": "login Login using username and password",
              "timedOut": null,
              "duration": 13030,
              "state": "failed",
              "speed": null,
              "pass": false,
              "fail": true,
              "pending": false,
              "context": null,
              "code": "cy.visit(\"\");\ncy.get('#username').type(username);\ncy.get('#password').type(password);\ncy.get('#kc-login').click();\ncy.wait(2000); //click settings button\ncy.get('span').contains('Settings').click();\ncy.wait(2000); //manage users\n//manage groups\ncy.get('[image=\"managegroup.png\"]').find('a').click();\ncy.wait(2000); //manage configuration\ncy.get('[image=\"manageuser.png\"]').find('a').click();",
              "err": {
                "message": "AssertionError: Timed out retrying after 4000ms: Expected to find element: `[image=\"manageuser.png\"]`, but never found it.",
                "estack": "AssertionError: Timed out retrying after 4000ms: Expected to find element: `[image=\"manageuser.png\"]`, but never found it.\n    at Context.eval (https://dev2a.lifesignals.com/__cypress/tests?p=cypress/integration/settings.spec.js:125:8)",
                "diff": null
              },
              "uuid": "fd551553-8a4a-4fb1-8bee-fd6f747877a6",
              "parentUUID": "fe3959f4-9bd6-47e9-a4b3-91e262df974c",
              "isHook": false,
              "skipped": false
            }
          ],
          "suites": [],
          "passes": [],
          "failures": [
            "fd551553-8a4a-4fb1-8bee-fd6f747877a6"
          ],
          "pending": [],
          "skipped": [],
          "duration": 13030,
          "root": false,
          "rootEmpty": false,
          "_timeout": 2000
        }
      ],
      "passes": [],
      "failures": [],
      "pending": [],
      "skipped": [],
      "duration": 0,
      "root": true,
      "rootEmpty": true,
      "_timeout": 2000
    }
  ],
  "meta": {
    "mocha": {
      "version": "7.0.1"
    },
    "mochawesome": {
      "options": {
        "quiet": false,
        "reportFilename": "mochawesome",
        "saveHtml": false,
        "saveJson": true,
        "consoleReporter": "spec",
        "useInlineDiffs": false,
        "code": true
      },
      "version": "7.1.3"
    },
    "marge": {
      "options": {
        "id": "default",
        "reportDir": "cypress/results/json",
        "overwrite": false,
        "html": false,
        "json": true
      },
      "version": "6.2.0"
    }
  }
}