{
  "stats": {
    "suites": 1,
    "tests": 1,
    "passes": 0,
    "pending": 0,
    "failures": 1,
    "start": "2022-05-28T20:24:21.987Z",
    "end": "2022-05-28T20:24:30.652Z",
    "duration": 8665,
    "testsRegistered": 1,
    "passPercent": 0,
    "pendingPercent": 0,
    "other": 0,
    "hasOther": false,
    "skipped": 0,
    "hasSkipped": false
  },
  "results": [
    {
      "uuid": "f2ed3b3c-1822-4968-bbb1-a946821aab4d",
      "title": "",
      "fullFile": "cypress/integration/usercreation.spec.js",
      "file": "cypress/integration/usercreation.spec.js",
      "beforeHooks": [],
      "afterHooks": [],
      "tests": [],
      "suites": [
        {
          "uuid": "753cb64d-f0ef-4106-87ca-5ffc3a808aa8",
          "title": "login",
          "fullFile": "",
          "file": "",
          "beforeHooks": [],
          "afterHooks": [],
          "tests": [
            {
              "title": "Login using username and password",
              "fullTitle": "login Login using username and password",
              "timedOut": null,
              "duration": 8594,
              "state": "failed",
              "speed": null,
              "pass": false,
              "fail": true,
              "pending": false,
              "context": null,
              "code": "cy.visit(\"\");\ncy.get('#username').type(username);\ncy.get('#password').type(password);\ncy.get('#kc-login').click();\ncy.wait(2000);\ncy.get('span').contains('Settings').click();\ncy.wait(2000); // //manage users\n// cy.get('[image=\"manageuser.png\"]').find('a').click();\n// cy.wait(2000);\n// //add user button click\n// cy.get('mat-icon').contains('add').parent().parent().click();\n// cy.wait(2000);\n// cy.get('#firstname').type(userdata.first_name || faker.name.firstName());\n// cy.get('#lastname').type(userdata.last_name || faker.name.lastName())\n// cy.get('#email').type(userdata.email_id || faker.internet.email().toLowerCase());\n// cy.get('input[placeholder=\"081234 56789\"]').type(userdata.phone || faker.phone.phoneNumber());\n// cy.get('span').contains(userdata.role).parent().parent().parent().click()\n// cy.get('span').contains(' + Group ').parent().click();\n// cy.wait(1000);\n// cy.get('mat-select[placeholder*=\"Clinical condition\"]').click();\n// cy.wait(1000);\n// cy.get('span').contains(userdata.group).parent().click();\n// cy.wait(1000);\n// cy.get('span').contains(' Add ').parent().click();\n// cy.wait(1000);\n// cy.get('span').contains(' Save ').parent().click();\n// cy.get('mat-icon').contains('add').parent().parent().click();\n// cy.wait(2000);\n// cy.get('#firstname').type(userdata.first_name);\n// cy.get('#lastname').type(userdata.last_name);\n// cy.get('#email').type(userdata.email_id);\n// cy.get('input[placeholder=\"081234 56789\"]').type(userdata.phone);\n// cy.get('span').contains(userdata.role).parent().parent().parent().click()\n// cy.get('span').contains(' + Group ').parent().click();\n// cy.wait(1000);\n// cy.get('mat-select[placeholder*=\"Clinical condition\"]').click();\n// cy.wait(1000);\n// cy.get('span').contains(userdata.group).parent().click();\n// cy.wait(1000);\n// cy.get('span').contains(' Add ').parent().click();\n// cy.wait(1000);\n// cy.get('span').contains(' Save ').parent().click();\n// cy.get('mat-error').contains(' USER ALREADY EXISTS WITH THIS EMAIL/PHONE NUMBER!! ').should(\"be.visible\")\n// cy.wait(1000);\n// cy.get('ls-widget').contains(\" madalyn_effertz@hotmail.com \").parent().parent().parent().find(\"mat-slide-toggle\").click();\n// cy.wait(500);\n// cy.get('span').contains(' Confirm ').click();",
              "err": {
                "message": "AssertionError: Timed out retrying after 4000ms: Expected to find content: 'Settings' within the element: <span#input-error.pf-c-form__helper-text.pf-m-error.required.kc-feedback-text.pull-left.ls-error-color> but never did.",
                "estack": "AssertionError: Timed out retrying after 4000ms: Expected to find content: 'Settings' within the element: <span#input-error.pf-c-form__helper-text.pf-m-error.required.kc-feedback-text.pull-left.ls-error-color> but never did.\n    at Context.eval (https://dev2a.lifesignals.com/__cypress/tests?p=cypress/integration/usercreation.spec.js:139:20)",
                "diff": null
              },
              "uuid": "bbf74c58-8bf0-418a-a697-cacc88e98754",
              "parentUUID": "753cb64d-f0ef-4106-87ca-5ffc3a808aa8",
              "isHook": false,
              "skipped": false
            }
          ],
          "suites": [],
          "passes": [],
          "failures": [
            "bbf74c58-8bf0-418a-a697-cacc88e98754"
          ],
          "pending": [],
          "skipped": [],
          "duration": 8594,
          "root": false,
          "rootEmpty": false,
          "_timeout": 2000
        }
      ],
      "passes": [],
      "failures": [],
      "pending": [],
      "skipped": [],
      "duration": 0,
      "root": true,
      "rootEmpty": true,
      "_timeout": 2000
    }
  ],
  "meta": {
    "mocha": {
      "version": "7.0.1"
    },
    "mochawesome": {
      "options": {
        "quiet": false,
        "reportFilename": "mochawesome",
        "saveHtml": false,
        "saveJson": true,
        "consoleReporter": "spec",
        "useInlineDiffs": false,
        "code": true
      },
      "version": "7.1.3"
    },
    "marge": {
      "options": {
        "id": "default",
        "reportDir": "cypress/results/json",
        "files": [
          "./cypress/results/json/*.json"
        ],
        "overwrite": false,
        "html": false,
        "json": true
      },
      "version": "6.2.0"
    }
  }
}