{
  "stats": {
    "suites": 1,
    "tests": 1,
    "passes": 1,
    "pending": 0,
    "failures": 0,
    "start": "2022-04-29T09:54:04.391Z",
    "end": "2022-04-29T09:54:12.826Z",
    "duration": 8435,
    "testsRegistered": 1,
    "passPercent": 100,
    "pendingPercent": 0,
    "other": 0,
    "hasOther": false,
    "skipped": 0,
    "hasSkipped": false
  },
  "results": [
    {
      "uuid": "a24a3776-44ed-404b-916f-4ddc6c62999d",
      "title": "",
      "fullFile": "cypress/integration/activepatients.spec.js",
      "file": "cypress/integration/activepatients.spec.js",
      "beforeHooks": [],
      "afterHooks": [],
      "tests": [],
      "suites": [
        {
          "uuid": "6f16b0cd-f0d6-4c0f-8f31-fcbfab73eab6",
          "title": "Visit active Patients",
          "fullFile": "",
          "file": "",
          "beforeHooks": [],
          "afterHooks": [],
          "tests": [
            {
              "title": "Load UI",
              "fullTitle": "Visit active Patients Load UI",
              "timedOut": null,
              "duration": 8416,
              "state": "passed",
              "speed": "medium",
              "pass": true,
              "fail": false,
              "pending": false,
              "context": null,
              "code": "cy.visit(\"\");\ncy.url().then(function (url) {\n  if (url.indexOf(\"auth\") !== -1) {\n    cy.get(\"#username\").type(username);\n    cy.get(\"#password\").type(password);\n    cy.get(\"#kc-login\").click();\n  } //cy.get(\"ls-page-header[type=active_patients]\").should(\"be.visible\");\n  //start logged\n\n  cy.wait(2000);\n  cy.get('[image=\"active-patients.png\"]').find('a').click();\n  cy.wait(2000);\n});",
              "err": {},
              "uuid": "0977317d-3f4e-46d4-8538-1de069041693",
              "parentUUID": "6f16b0cd-f0d6-4c0f-8f31-fcbfab73eab6",
              "isHook": false,
              "skipped": false
            }
          ],
          "suites": [],
          "passes": [
            "0977317d-3f4e-46d4-8538-1de069041693"
          ],
          "failures": [],
          "pending": [],
          "skipped": [],
          "duration": 8416,
          "root": false,
          "rootEmpty": false,
          "_timeout": 2000
        }
      ],
      "passes": [],
      "failures": [],
      "pending": [],
      "skipped": [],
      "duration": 0,
      "root": true,
      "rootEmpty": true,
      "_timeout": 2000
    }
  ],
  "meta": {
    "mocha": {
      "version": "7.0.1"
    },
    "mochawesome": {
      "options": {
        "quiet": false,
        "reportFilename": "mochawesome",
        "saveHtml": false,
        "saveJson": true,
        "consoleReporter": "spec",
        "useInlineDiffs": false,
        "code": true
      },
      "version": "7.1.3"
    },
    "marge": {
      "options": {
        "id": "default",
        "reportDir": "cypress/results/json",
        "files": [
          "./cypress/results/json/*.json"
        ],
        "overwrite": false,
        "html": false,
        "json": true
      },
      "version": "6.2.0"
    }
  }
}