{
  "stats": {
    "suites": 1,
    "tests": 1,
    "passes": 0,
    "pending": 0,
    "failures": 1,
    "start": "2022-04-29T09:55:45.294Z",
    "end": "2022-04-29T09:55:58.031Z",
    "duration": 12737,
    "testsRegistered": 1,
    "passPercent": 0,
    "pendingPercent": 0,
    "other": 0,
    "hasOther": false,
    "skipped": 0,
    "hasSkipped": false
  },
  "results": [
    {
      "uuid": "fa601c83-ea54-4672-b9f6-763ff912b39b",
      "title": "",
      "fullFile": "cypress/integration/settings.spec.js",
      "file": "cypress/integration/settings.spec.js",
      "beforeHooks": [],
      "afterHooks": [],
      "tests": [],
      "suites": [
        {
          "uuid": "cc8d4df2-e1fc-4aa6-a7a3-7c61ecfa286a",
          "title": "login",
          "fullFile": "",
          "file": "",
          "beforeHooks": [],
          "afterHooks": [],
          "tests": [
            {
              "title": "Login using username and password",
              "fullTitle": "login Login using username and password",
              "timedOut": null,
              "duration": 12673,
              "state": "failed",
              "speed": null,
              "pass": false,
              "fail": true,
              "pending": false,
              "context": null,
              "code": "cy.visit(\"\");\ncy.get('#username').type(username);\ncy.get('#password').type(password);\ncy.get('#kc-login').click();\ncy.wait(2000); //click settings button\ncy.get('span').contains('Settings').click();\ncy.wait(2000); //manage users\n//manage groups\ncy.get('[image=\"managegroup.png\"]').find('a').click();\ncy.wait(2000); //manage configuration\ncy.get('[image=\"manageuser.png\"]').find('a').click();",
              "err": {
                "message": "AssertionError: Timed out retrying after 4000ms: Expected to find element: `[image=\"manageuser.png\"]`, but never found it.",
                "estack": "AssertionError: Timed out retrying after 4000ms: Expected to find element: `[image=\"manageuser.png\"]`, but never found it.\n    at Context.eval (https://dev2a.lifesignals.com/__cypress/tests?p=cypress/integration/settings.spec.js:125:8)",
                "diff": null
              },
              "uuid": "cb0a8786-9c50-43d3-bbbb-6394729f15a2",
              "parentUUID": "cc8d4df2-e1fc-4aa6-a7a3-7c61ecfa286a",
              "isHook": false,
              "skipped": false
            }
          ],
          "suites": [],
          "passes": [],
          "failures": [
            "cb0a8786-9c50-43d3-bbbb-6394729f15a2"
          ],
          "pending": [],
          "skipped": [],
          "duration": 12673,
          "root": false,
          "rootEmpty": false,
          "_timeout": 2000
        }
      ],
      "passes": [],
      "failures": [],
      "pending": [],
      "skipped": [],
      "duration": 0,
      "root": true,
      "rootEmpty": true,
      "_timeout": 2000
    }
  ],
  "meta": {
    "mocha": {
      "version": "7.0.1"
    },
    "mochawesome": {
      "options": {
        "quiet": false,
        "reportFilename": "mochawesome",
        "saveHtml": false,
        "saveJson": true,
        "consoleReporter": "spec",
        "useInlineDiffs": false,
        "code": true
      },
      "version": "7.1.3"
    },
    "marge": {
      "options": {
        "id": "default",
        "reportDir": "cypress/results/json",
        "files": [
          "./cypress/results/json/*.json"
        ],
        "overwrite": false,
        "html": false,
        "json": true
      },
      "version": "6.2.0"
    }
  }
}