{
  "stats": {
    "suites": 1,
    "tests": 1,
    "passes": 1,
    "pending": 0,
    "failures": 0,
    "start": "2022-04-29T09:26:12.457Z",
    "end": "2022-04-29T09:26:23.331Z",
    "duration": 10874,
    "testsRegistered": 1,
    "passPercent": 100,
    "pendingPercent": 0,
    "other": 0,
    "hasOther": false,
    "skipped": 0,
    "hasSkipped": false
  },
  "results": [
    {
      "uuid": "0ef07371-d099-402c-8a76-0e8f6e8b8f59",
      "title": "",
      "fullFile": "cypress/integration/login.spec.js",
      "file": "cypress/integration/login.spec.js",
      "beforeHooks": [],
      "afterHooks": [],
      "tests": [],
      "suites": [
        {
          "uuid": "cdabb67d-8e52-4d2c-8203-35cb38268ca5",
          "title": "login",
          "fullFile": "",
          "file": "",
          "beforeHooks": [],
          "afterHooks": [],
          "tests": [
            {
              "title": "Login using username and password",
              "fullTitle": "login Login using username and password",
              "timedOut": null,
              "duration": 10855,
              "state": "passed",
              "speed": "slow",
              "pass": true,
              "fail": false,
              "pending": false,
              "context": null,
              "code": "cy.visit(\"\");\ncy.get('#username').type(username);\ncy.get('#password').type(password);\ncy.get('#kc-login').click();\ncy.wait(2000);\ncy.get('.user-icon >a').click();\ncy.wait(2000);\ncy.get('.col-sm-6 > button').click();\ncy.wait(2000);",
              "err": {},
              "uuid": "9e3ab633-ea7b-4848-a366-eb2005ad5cd4",
              "parentUUID": "cdabb67d-8e52-4d2c-8203-35cb38268ca5",
              "isHook": false,
              "skipped": false
            }
          ],
          "suites": [],
          "passes": [
            "9e3ab633-ea7b-4848-a366-eb2005ad5cd4"
          ],
          "failures": [],
          "pending": [],
          "skipped": [],
          "duration": 10855,
          "root": false,
          "rootEmpty": false,
          "_timeout": 2000
        }
      ],
      "passes": [],
      "failures": [],
      "pending": [],
      "skipped": [],
      "duration": 0,
      "root": true,
      "rootEmpty": true,
      "_timeout": 2000
    }
  ],
  "meta": {
    "mocha": {
      "version": "7.0.1"
    },
    "mochawesome": {
      "options": {
        "quiet": false,
        "reportFilename": "mochawesome",
        "saveHtml": false,
        "saveJson": true,
        "consoleReporter": "spec",
        "useInlineDiffs": false,
        "code": true
      },
      "version": "7.1.3"
    },
    "marge": {
      "options": {
        "id": "default",
        "reportDir": "cypress/results/json",
        "files": [
          "./cypress/results/json/*.json"
        ],
        "overwrite": false,
        "html": false,
        "json": true
      },
      "version": "6.2.0"
    }
  }
}