{
  "stats": {
    "suites": 1,
    "tests": 1,
    "passes": 0,
    "pending": 0,
    "failures": 1,
    "start": "2022-04-29T09:54:16.663Z",
    "end": "2022-04-29T09:54:28.453Z",
    "duration": 11790,
    "testsRegistered": 1,
    "passPercent": 0,
    "pendingPercent": 0,
    "other": 0,
    "hasOther": false,
    "skipped": 0,
    "hasSkipped": false
  },
  "results": [
    {
      "uuid": "f624c6d5-adbe-440e-bc01-e1d24d9a1d1d",
      "title": "",
      "fullFile": "cypress/integration/addtodashboard.spec.js",
      "file": "cypress/integration/addtodashboard.spec.js",
      "beforeHooks": [],
      "afterHooks": [],
      "tests": [],
      "suites": [
        {
          "uuid": "b85f4424-11a5-4d2b-a09d-78ee75a95f2f",
          "title": "Visit active Patients",
          "fullFile": "",
          "file": "",
          "beforeHooks": [],
          "afterHooks": [],
          "tests": [
            {
              "title": "Load UI",
              "fullTitle": "Visit active Patients Load UI",
              "timedOut": null,
              "duration": 11695,
              "state": "failed",
              "speed": null,
              "pass": false,
              "fail": true,
              "pending": false,
              "context": null,
              "code": "cy.visit(\"\");\ncy.url().then(function (url) {\n  if (url.indexOf(\"auth\") !== -1) {\n    cy.get(\"#username\").type(username);\n    cy.get(\"#password\").type(password);\n    cy.get(\"#kc-login\").click();\n  } //cy.get(\"ls-page-header[type=active_patients]\").should(\"be.visible\");\n  //start logged\n\n  cy.wait(2000);\n  cy.get('[image=\"active-patients.png\"]').find('a').click();\n  cy.wait(2000); //get span content and parent element\n  //cy.get('span').contains(' Add to Dashboard ').parent().click()\n  var pid = \"1456\"; //getting patient id from span-div-tr-td-checkbox \n  if (admit_data) {\n    if (admit_data.patients.length > 0) {\n      for (let index = 0; index < admit_data.patients.length; index++) {\n        const element = admit_data.patients[index];\n        console.log(element);\n        var el = cy.get(\"span\").contains(element);\n        if (el) {\n          el.parent().parent().parent().find(\"mat-checkbox\").click();\n        } else {\n          console.log(\"Patient not found !\");\n        }\n        cy.wait(1000);\n      }\n    }\n  }\n  cy.wait(1000); // cy.get(\"span\").contains(\" Add to Dashboard \").parent().then(($button) => {\n  //     if (cy.get($button).should('not.be.disabled')) {\n  //         //your logical code for button ACTIVE\n  //         $button.click()\n  //     }\n  //     else {\n  //         //your logical code for button NOT ACTIVE\n  //         cy.log(\"add to dashboard disabled\")\n  //     }\n  // })\n  var add_btn = cy.get(\"span\").contains(\" Add to Dashboard \").parent(); //if(add_btn.is(':visible'))\n  if (add_btn.should('be.disabled')) {\n    //your logical code for button ACTIVE\n    cy.log(\"add to dashboard disabled\");\n  } else {//your logical code for button NOT ACTIVE\n  } //cy.get(\"span\").contains(\" Add to Dashboard \").parent().click();\n\n  cy.wait(1000); //cy.get('.d-lg-flex d-md-none d-sm-none d-none my-2 > button').click()\n});",
              "err": {
                "message": "AssertionError: Timed out retrying after 4000ms: Expected to find content: 'PAT413376848' within the element: [ <span.ng-star-inserted>, 475 more... ] but never did.",
                "estack": "AssertionError: Timed out retrying after 4000ms: Expected to find content: 'PAT413376848' within the element: [ <span.ng-star-inserted>, 475 more... ] but never did.\n    at Context.eval (https://dev2a.lifesignals.com/__cypress/tests?p=cypress/integration/addtodashboard.spec.js:136:37)",
                "diff": null
              },
              "uuid": "13bb4dd9-7185-488a-904f-9027bdbea3f3",
              "parentUUID": "b85f4424-11a5-4d2b-a09d-78ee75a95f2f",
              "isHook": false,
              "skipped": false
            }
          ],
          "suites": [],
          "passes": [],
          "failures": [
            "13bb4dd9-7185-488a-904f-9027bdbea3f3"
          ],
          "pending": [],
          "skipped": [],
          "duration": 11695,
          "root": false,
          "rootEmpty": false,
          "_timeout": 2000
        }
      ],
      "passes": [],
      "failures": [],
      "pending": [],
      "skipped": [],
      "duration": 0,
      "root": true,
      "rootEmpty": true,
      "_timeout": 2000
    }
  ],
  "meta": {
    "mocha": {
      "version": "7.0.1"
    },
    "mochawesome": {
      "options": {
        "quiet": false,
        "reportFilename": "mochawesome",
        "saveHtml": false,
        "saveJson": true,
        "consoleReporter": "spec",
        "useInlineDiffs": false,
        "code": true
      },
      "version": "7.1.3"
    },
    "marge": {
      "options": {
        "id": "default",
        "reportDir": "cypress/results/json",
        "files": [
          "./cypress/results/json/*.json"
        ],
        "overwrite": false,
        "html": false,
        "json": true
      },
      "version": "6.2.0"
    }
  }
}